# JRE version: OpenJDK Runtime Environment Temurin-17.0.1+12 (17.0.1+12) (build 17.0.1+12)
# Java VM: OpenJDK 64-Bit Server VM Temurin-17.0.1+12 (17.0.1+12, mixed mode, tiered, compressed oops, compressed class ptrs, g1 gc, windows-amd64)
GC Precious Log:
 CPUs: 4 total, 4 available
 Memory: 3920M
 Large Page Support: Disabled
 NUMA Support: Disabled
 Compressed Oops: Enabled (32-bit)
 Heap Region Size: 1M
 Heap Min Capacity: 8M
 Heap Initial Capacity: 62M
 Heap Max Capacity: 982M
 Pre-touch: Disabled
 Parallel Workers: 4
 Concurrent Workers: 1
 Concurrent Refinement Workers: 4
 Periodic GC: Disabled
Heap:
 garbage-first heap   total 174080K, used 110005K [0x00000000c2a00000, 0x0000000100000000)
  region size 1024K, 55 young (56320K), 9 survivors (9216K)
 Metaspace       used 73409K, committed 73792K, reserved 1114112K
  class space    used 9632K, committed 9792K, reserved 1048576K
GC Heap History (20 events):
Event: 58.974 GC heap before
{Heap before GC invocations=28 (full 0):
 garbage-first heap   total 61440K, used 49595K [0x00000000c2a00000, 0x0000000100000000)
  region size 1024K, 21 young (21504K), 3 survivors (3072K)
 Metaspace       used 65938K, committed 66368K, reserved 1114112K
  class space    used 8622K, committed 8832K, reserved 1048576K
}
Event: 58.984 GC heap after
{Heap after GC invocations=29 (full 0):
 garbage-first heap   total 61440K, used 32649K [0x00000000c2a00000, 0x0000000100000000)
  region size 1024K, 2 young (2048K), 2 survivors (2048K)
 Metaspace       used 65938K, committed 66368K, reserved 1114112K
  class space    used 8622K, committed 8832K, reserved 1048576K
}
Event: 59.796 GC heap before
{Heap before GC invocations=29 (full 0):
 garbage-first heap   total 61440K, used 51081K [0x00000000c2a00000, 0x0000000100000000)
  region size 1024K, 19 young (19456K), 2 survivors (2048K)
 Metaspace       used 66090K, committed 66496K, reserved 1114112K
  class space    used 8631K, committed 8832K, reserved 1048576K
}
Event: 59.804 GC heap after
{Heap after GC invocations=30 (full 0):
 garbage-first heap   total 61440K, used 36506K [0x00000000c2a00000, 0x0000000100000000)
  region size 1024K, 3 young (3072K), 3 survivors (3072K)
 Metaspace       used 66090K, committed 66496K, reserved 1114112K
  class space    used 8631K, committed 8832K, reserved 1048576K
}
Event: 60.019 GC heap before
{Heap before GC invocations=30 (full 0):
 garbage-first heap   total 61440K, used 48794K [0x00000000c2a00000, 0x0000000100000000)
  region size 1024K, 16 young (16384K), 3 survivors (3072K)
 Metaspace       used 66114K, committed 66496K, reserved 1114112K
  class space    used 8631K, committed 8832K, reserved 1048576K
}
Event: 60.028 GC heap after
{Heap after GC invocations=31 (full 0):
 garbage-first heap   total 61440K, used 39310K [0x00000000c2a00000, 0x0000000100000000)
  region size 1024K, 2 young (2048K), 2 survivors (2048K)
 Metaspace       used 66114K, committed 66496K, reserved 1114112K
  class space    used 8631K, committed 8832K, reserved 1048576K
}
Event: 60.260 GC heap before
{Heap before GC invocations=31 (full 0):
 garbage-first heap   total 61440K, used 49550K [0x00000000c2a00000, 0x0000000100000000)
  region size 1024K, 12 young (12288K), 2 survivors (2048K)
 Metaspace       used 66177K, committed 66560K, reserved 1114112K
  class space    used 8634K, committed 8832K, reserved 1048576K
}
Event: 60.272 GC heap after
{Heap after GC invocations=32 (full 0):
 garbage-first heap   total 61440K, used 43807K [0x00000000c2a00000, 0x0000000100000000)
  region size 1024K, 2 young (2048K), 2 survivors (2048K)
 Metaspace       used 66177K, committed 66560K, reserved 1114112K
  class space    used 8634K, committed 8832K, reserved 1048576K
}
Event: 61.067 GC heap before
{Heap before GC invocations=33 (full 0):
 garbage-first heap   total 76800K, used 47903K [0x00000000c2a00000, 0x0000000100000000)
  region size 1024K, 6 young (6144K), 2 survivors (2048K)
 Metaspace       used 66249K, committed 66688K, reserved 1114112K
  class space    used 8644K, committed 8832K, reserved 1048576K
}
Event: 61.073 GC heap after
{Heap after GC invocations=34 (full 0):
 garbage-first heap   total 76800K, used 44711K [0x00000000c2a00000, 0x0000000100000000)
  region size 1024K, 1 young (1024K), 1 survivors (1024K)
 Metaspace       used 66249K, committed 66688K, reserved 1114112K
  class space    used 8644K, committed 8832K, reserved 1048576K
}
Event: 62.285 GC heap before
{Heap before GC invocations=34 (full 0):
 garbage-first heap   total 76800K, used 49831K [0x00000000c2a00000, 0x0000000100000000)
  region size 1024K, 7 young (7168K), 1 survivors (1024K)
 Metaspace       used 66251K, committed 66688K, reserved 1114112K
  class space    used 8644K, committed 8832K, reserved 1048576K
}
Event: 62.289 GC heap after
{Heap after GC invocations=35 (full 0):
 garbage-first heap   total 76800K, used 45362K [0x00000000c2a00000, 0x0000000100000000)
  region size 1024K, 2 young (2048K), 2 survivors (2048K)
 Metaspace       used 66251K, committed 66688K, reserved 1114112K
  class space    used 8644K, committed 8832K, reserved 1048576K
}
Event: 62.924 GC heap before
{Heap before GC invocations=36 (full 0):
 garbage-first heap   total 96256K, used 59698K [0x00000000c2a00000, 0x0000000100000000)
  region size 1024K, 15 young (15360K), 2 survivors (2048K)
 Metaspace       used 66257K, committed 66688K, reserved 1114112K
  class space    used 8644K, committed 8832K, reserved 1048576K
}
Event: 62.943 GC heap after
{Heap after GC invocations=37 (full 0):
 garbage-first heap   total 96256K, used 48503K [0x00000000c2a00000, 0x0000000100000000)
  region size 1024K, 2 young (2048K), 2 survivors (2048K)
 Metaspace       used 66257K, committed 66688K, reserved 1114112K
  class space    used 8644K, committed 8832K, reserved 1048576K
}
Event: 62.972 GC heap before
{Heap before GC invocations=37 (full 0):
 garbage-first heap   total 96256K, used 50551K [0x00000000c2a00000, 0x0000000100000000)
  region size 1024K, 4 young (4096K), 2 survivors (2048K)
 Metaspace       used 66257K, committed 66688K, reserved 1114112K
  class space    used 8644K, committed 8832K, reserved 1048576K
}
Event: 62.977 GC heap after
{Heap after GC invocations=38 (full 0):
 garbage-first heap   total 96256K, used 43515K [0x00000000c2a00000, 0x0000000100000000)
  region size 1024K, 1 young (1024K), 1 survivors (1024K)
 Metaspace       used 66257K, committed 66688K, reserved 1114112K
  class space    used 8644K, committed 8832K, reserved 1048576K
}
Event: 63.927 GC heap before
{Heap before GC invocations=38 (full 0):
 garbage-first heap   total 96256K, used 68091K [0x00000000c2a00000, 0x0000000100000000)
  region size 1024K, 26 young (26624K), 1 survivors (1024K)
 Metaspace       used 66282K, committed 66688K, reserved 1114112K
  class space    used 8644K, committed 8832K, reserved 1048576K
}
Event: 63.949 GC heap after
{Heap after GC invocations=39 (full 0):
 garbage-first heap   total 174080K, used 50390K [0x00000000c2a00000, 0x0000000100000000)
  region size 1024K, 4 young (4096K), 4 survivors (4096K)
 Metaspace       used 66282K, committed 66688K, reserved 1114112K
  class space    used 8644K, committed 8832K, reserved 1048576K
}
Event: 70.816 GC heap before
{Heap before GC invocations=39 (full 0):
 garbage-first heap   total 174080K, used 116950K [0x00000000c2a00000, 0x0000000100000000)
  region size 1024K, 68 young (69632K), 4 survivors (4096K)
 Metaspace       used 67487K, committed 67904K, reserved 1114112K
  class space    used 8769K, committed 8960K, reserved 1048576K
}
Event: 70.848 GC heap after
{Heap after GC invocations=40 (full 0):
 garbage-first heap   total 174080K, used 63925K [0x00000000c2a00000, 0x0000000100000000)
  region size 1024K, 9 young (9216K), 9 survivors (9216K)
 Metaspace       used 67487K, committed 67904K, reserved 1114112K
  class space    used 8769K, committed 8960K, reserved 1048576K
}

